2025-04-15 01:02:32,579 [INFO] [my_app_logger] [app.py:22] - Médicaments rechargés pour génération du calendrier.
2025-04-15 01:02:32,580 [INFO] [my_app_logger] [app.py:40] - Médicaments rechargés pour l'obtention des médicaments.
2025-04-15 01:02:32,581 [DEBUG] [my_app_logger] [app.py:26] - Date de départ du calendrier reçue : 2025-04-14
2025-04-15 01:02:32,581 [DEBUG] [my_app_logger] [function.py:40] - Nombre de jours à traiter : 14
2025-04-15 01:02:32,581 [DEBUG] [my_app_logger] [function.py:41] - Date de début : 2025-04-14
2025-04-15 01:02:32,581 [DEBUG] [my_app_logger] [function.py:42] - Date de fin : 2025-04-30
2025-04-15 01:02:32,581 [DEBUG] [my_app_logger] [function.py:43] - Lundi de début : 2025-04-14
2025-04-15 01:02:32,622 [INFO] [my_app_logger] [app.py:29] - Calendrier généré avec succès.
2025-04-15 01:02:32,842 [INFO] [my_app_logger] [app.py:40] - Médicaments rechargés pour l'obtention des médicaments.
2025-04-15 01:02:32,888 [INFO] [my_app_logger] [app.py:22] - Médicaments rechargés pour génération du calendrier.
2025-04-15 01:02:32,889 [DEBUG] [my_app_logger] [app.py:26] - Date de départ du calendrier reçue : 2025-04-14
2025-04-15 01:02:32,889 [DEBUG] [my_app_logger] [function.py:40] - Nombre de jours à traiter : 14
2025-04-15 01:02:32,889 [DEBUG] [my_app_logger] [function.py:41] - Date de début : 2025-04-14
2025-04-15 01:02:32,889 [DEBUG] [my_app_logger] [function.py:42] - Date de fin : 2025-04-30
2025-04-15 01:02:32,889 [DEBUG] [my_app_logger] [function.py:43] - Lundi de début : 2025-04-14
2025-04-15 01:02:32,928 [INFO] [my_app_logger] [app.py:29] - Calendrier généré avec succès.
2025-04-15 01:05:35,394 [INFO] [my_app_logger] [app.py:40] - Médicaments rechargés pour l'obtention des médicaments.
2025-04-15 01:05:35,663 [INFO] [my_app_logger] [app.py:40] - Médicaments rechargés pour l'obtention des médicaments.
2025-04-15 01:05:55,521 [INFO] [my_app_logger] [app.py:22] - Médicaments rechargés pour génération du calendrier.
2025-04-15 01:05:55,521 [DEBUG] [my_app_logger] [app.py:26] - Date de départ du calendrier reçue : 2025-04-14
2025-04-15 01:05:55,521 [DEBUG] [my_app_logger] [function.py:40] - Nombre de jours à traiter : 14
2025-04-15 01:05:55,522 [DEBUG] [my_app_logger] [function.py:41] - Date de début : 2025-04-14
2025-04-15 01:05:55,522 [DEBUG] [my_app_logger] [function.py:42] - Date de fin : 2025-04-30
2025-04-15 01:05:55,522 [DEBUG] [my_app_logger] [function.py:43] - Lundi de début : 2025-04-14
2025-04-15 01:05:55,566 [INFO] [my_app_logger] [app.py:29] - Calendrier généré avec succès.
2025-04-15 01:05:55,877 [INFO] [my_app_logger] [app.py:22] - Médicaments rechargés pour génération du calendrier.
2025-04-15 01:05:55,877 [DEBUG] [my_app_logger] [app.py:26] - Date de départ du calendrier reçue : 2025-04-14
2025-04-15 01:05:55,877 [DEBUG] [my_app_logger] [function.py:40] - Nombre de jours à traiter : 14
2025-04-15 01:05:55,877 [DEBUG] [my_app_logger] [function.py:41] - Date de début : 2025-04-14
2025-04-15 01:05:55,877 [DEBUG] [my_app_logger] [function.py:42] - Date de fin : 2025-04-30
2025-04-15 01:05:55,877 [DEBUG] [my_app_logger] [function.py:43] - Lundi de début : 2025-04-14
2025-04-15 01:05:55,918 [INFO] [my_app_logger] [app.py:29] - Calendrier généré avec succès.
